<?xml version="1.0" encoding="UTF-8"?>
<testng-results skipped="0" failed="0" total="0" passed="0">
  <reporter-output>
  </reporter-output>
  <suite name="cucumber.TestContext" duration-ms="8" started-at="2018-12-27T09:12:14Z" finished-at="2018-12-27T09:12:14Z">
    <groups>
    </groups>
    <test name="Command line test" duration-ms="8" started-at="2018-12-27T09:12:14Z" finished-at="2018-12-27T09:12:14Z">
    </test> <!-- Command line test -->
  </suite> <!-- cucumber.TestContext -->
</testng-results>
